<?xml version="1.0" encoding="UTF-8"?>
<testsuite xmlns:xsi="http://www.w3.org/2001/XMLSchema-instance" xsi:noNamespaceSchemaLocation="https://maven.apache.org/surefire/maven-failsafe-plugin/xsd/failsafe-test-report.xsd" name="edu.pdx.cs410J.gharini.Project1IT" time="0.134" tests="8" errors="0" skipped="0" failures="0">
  <properties>
    <property name="sun.desktop" value="gnome"/>
    <property name="awt.toolkit" value="sun.awt.X11.XToolkit"/>
    <property name="java.specification.version" value="10"/>
    <property name="file.encoding.pkg" value="sun.io"/>
    <property name="sun.cpu.isalist" value=""/>
    <property name="sun.jnu.encoding" value="UTF-8"/>
    <property name="java.class.path" value="/u/gharini/PSUJava2018/phonebill/target/it-classes:/u/gharini/PSUJava2018/phonebill/target/phonebill-1.0-SNAPSHOT.jar:/u/gharini/.m2/repository/junit/junit/4.12/junit-4.12.jar:/u/gharini/.m2/repository/org/hamcrest/hamcrest-core/1.3/hamcrest-core-1.3.jar:/u/gharini/.m2/repository/edu/pdx/cs410J/projects/Summer2018/projects-Summer2018.jar:/u/gharini/.m2/repository/edu/pdx/cs410J/projects/Summer2018/projects-Summer2018-tests.jar:/u/gharini/PSUJava2018/phonebill/target/test-classes:"/>
    <property name="java.vm.vendor" value="&quot;Oracle Corporation&quot;"/>
    <property name="sun.arch.data.model" value="64"/>
    <property name="java.vendor.url" value="http://java.oracle.com/"/>
    <property name="user.timezone" value=""/>
    <property name="java.vm.specification.version" value="10"/>
    <property name="os.name" value="Linux"/>
    <property name="sun.java.launcher" value="SUN_STANDARD"/>
    <property name="user.country" value="US"/>
    <property name="sun.boot.library.path" value="/pkgs/java/jdk-10.0.1/lib"/>
    <property name="sun.java.command" value="/u/gharini/PSUJava2018/phonebill/target/surefire/surefirebooter5214127523111064561.jar /u/gharini/PSUJava2018/phonebill/target/surefire 2018-07-10T12-37-25_633-jvmRun1 surefire702274237325203803tmp surefire_012549880114264303418tmp"/>
    <property name="jdk.debug" value="release"/>
    <property name="http.port" value=""/>
    <property name="surefire.test.class.path" value="/u/gharini/PSUJava2018/phonebill/target/it-classes:/u/gharini/PSUJava2018/phonebill/target/phonebill-1.0-SNAPSHOT.jar:/u/gharini/.m2/repository/junit/junit/4.12/junit-4.12.jar:/u/gharini/.m2/repository/org/hamcrest/hamcrest-core/1.3/hamcrest-core-1.3.jar:/u/gharini/.m2/repository/edu/pdx/cs410J/projects/Summer2018/projects-Summer2018.jar:/u/gharini/.m2/repository/edu/pdx/cs410J/projects/Summer2018/projects-Summer2018-tests.jar:/u/gharini/PSUJava2018/phonebill/target/test-classes:"/>
    <property name="sun.cpu.endian" value="little"/>
    <property name="user.home" value="/u/gharini"/>
    <property name="user.language" value="en"/>
    <property name="java.specification.vendor" value="Oracle Corporation"/>
    <property name="java.version.date" value="2018-04-17"/>
    <property name="java.home" value="/pkgs/java/jdk-10.0.1"/>
    <property name="file.separator" value="/"/>
    <property name="basedir" value="/u/gharini/PSUJava2018/phonebill"/>
    <property name="java.vm.compressedOopsMode" value="Zero based"/>
    <property name="line.separator" value="&#10;"/>
    <property name="java.specification.name" value="Java Platform API Specification"/>
    <property name="java.vm.specification.vendor" value="Oracle Corporation"/>
    <property name="java.awt.graphicsenv" value="sun.awt.X11GraphicsEnvironment"/>
    <property name="surefire.real.class.path" value="/u/gharini/PSUJava2018/phonebill/target/surefire/surefirebooter5214127523111064561.jar"/>
    <property name="sun.management.compiler" value="HotSpot 64-Bit Tiered Compilers"/>
    <property name="java.runtime.version" value="10.0.1+10"/>
    <property name="user.name" value="gharini"/>
    <property name="path.separator" value=":"/>
    <property name="os.version" value="4.4.0-128-generic"/>
    <property name="java.runtime.name" value="Java(TM) SE Runtime Environment"/>
    <property name="file.encoding" value="UTF-8"/>
    <property name="java.vm.name" value="Java HotSpot(TM) 64-Bit Server VM"/>
    <property name="java.vendor.version" value="18.3"/>
    <property name="localRepository" value="/u/gharini/.m2/repository"/>
    <property name="java.vendor.url.bug" value="http://bugreport.java.com/bugreport/"/>
    <property name="java.io.tmpdir" value="/tmp"/>
    <property name="java.version" value="10.0.1"/>
    <property name="user.dir" value="/u/gharini/PSUJava2018/phonebill"/>
    <property name="os.arch" value="amd64"/>
    <property name="java.vm.specification.name" value="Java Virtual Machine Specification"/>
    <property name="java.awt.printerjob" value="sun.print.PSPrinterJob"/>
    <property name="sun.os.patch.level" value="unknown"/>
    <property name="java.library.path" value="/usr/java/packages/lib:/usr/lib64:/lib64:/lib:/usr/lib"/>
    <property name="java.vendor" value="Oracle Corporation"/>
    <property name="java.vm.info" value="mixed mode"/>
    <property name="java.vm.version" value="10.0.1+10"/>
    <property name="sun.io.unicode.encoding" value="UnicodeLittle"/>
    <property name="java.class.version" value="54.0"/>
  </properties>
  <testcase name="testValidPhoneNumberFormat1" classname="edu.pdx.cs410J.gharini.Project1IT" time="0.053"/>
  <testcase name="testValidPhoneNumberFormat2" classname="edu.pdx.cs410J.gharini.Project1IT" time="0"/>
  <testcase name="testNoCommandLineArguments" classname="edu.pdx.cs410J.gharini.Project1IT" time="0.001"/>
  <testcase name="testOptionsFormat" classname="edu.pdx.cs410J.gharini.Project1IT" time="0.015"/>
  <testcase name="testValidDateFormat1" classname="edu.pdx.cs410J.gharini.Project1IT" time="0.01"/>
  <testcase name="testValidDateFormat2" classname="edu.pdx.cs410J.gharini.Project1IT" time="0.002"/>
  <testcase name="testValidTimeFormat" classname="edu.pdx.cs410J.gharini.Project1IT" time="0.001"/>
  <testcase name="testTooManyCommandLineArguments" classname="edu.pdx.cs410J.gharini.Project1IT" time="0"/>
</testsuite>